<?xml version="1.0" encoding="UTF-8"?>
<!-- Generated by org.testng.reporters.JUnitXMLReporter -->
<testsuite hostname="LAPTOP-T8V1FV5L" name="Test" tests="6" failures="0" timestamp="20 Mar 2021 09:03:45 GMT" time="0.2" errors="0">
  <testcase name="test11" time="0.013" classname="testng_parallelexecutions.ParallelTest1"/>
  <testcase name="test21" time="0.018" classname="testng_parallelexecutions.ParallelTest2"/>
  <testcase name="test12" time="0.003" classname="testng_parallelexecutions.ParallelTest1"/>
  <testcase name="test22" time="0.006" classname="testng_parallelexecutions.ParallelTest2"/>
  <testcase name="test13" time="0.01" classname="testng_parallelexecutions.ParallelTest1"/>
  <testcase name="test23" time="0.008" classname="testng_parallelexecutions.ParallelTest2"/>
</testsuite> <!-- Test -->
