<?xml version="1.0" encoding="UTF-8"?>
<!-- Generated by org.testng.reporters.JUnitXMLReporter -->
<testsuite hostname="LAPTOP-T8V1FV5L" name="Testing DependsOnGroups" tests="3" failures="1" timestamp="20 Mar 2021 06:53:43 GMT" time="0.047" errors="0">
  <testcase name="test1" time="0.005" classname="testng.DependsOnGroups">
    <failure type="java.lang.AssertionError" message="expected [false] but found [true]">
      <![CDATA[java.lang.AssertionError: expected [false] but found [true]
	at testng.DependsOnGroups.test1(DependsOnGroups.java:11)
... Removed 29 stack frames]]>
    </failure>
  </testcase> <!-- test1 -->
  <testcase name="test2" time="0.017" classname="testng.DependsOnGroups"/>
  <testcase name="test3" time="0.0" classname="testng.DependsOnGroups">
    <skipped/>
  </testcase> <!-- test3 -->
</testsuite> <!-- Testing DependsOnGroups -->
