<?xml version="1.0" encoding="UTF-8"?>
<!-- Generated by org.testng.reporters.JUnitXMLReporter -->
<testsuite hostname="LAPTOP-T8V1FV5L" name="Testing Groups" tests="4" failures="0" timestamp="20 Mar 2021 06:53:43 GMT" time="0.124" errors="0">
  <testcase name="test1" time="0.032" classname="testng.GroupsTags"/>
  <testcase name="test2" time="0.007" classname="testng.GroupsTags"/>
  <testcase name="test3" time="0.004" classname="testng.GroupsTags"/>
  <testcase name="test5" time="0.003" classname="testng.GroupsTags"/>
</testsuite> <!-- Testing Groups -->
